mode: set
ai-auto-trade/internal/application/trading/service.go:100.96,108.2 1 1
ai-auto-trade/internal/application/trading/service.go:110.38,111.19 1 1
ai-auto-trade/internal/application/trading/service.go:111.19,113.3 1 0
ai-auto-trade/internal/application/trading/service.go:116.64,117.13 1 1
ai-auto-trade/internal/application/trading/service.go:118.30,119.24 1 1
ai-auto-trade/internal/application/trading/service.go:120.29,121.24 1 0
ai-auto-trade/internal/application/trading/service.go:122.52,123.24 1 0
ai-auto-trade/internal/application/trading/service.go:124.10,125.38 1 0
ai-auto-trade/internal/application/trading/service.go:130.117,131.28 1 1
ai-auto-trade/internal/application/trading/service.go:131.28,133.3 1 1
ai-auto-trade/internal/application/trading/service.go:134.2,134.27 1 1
ai-auto-trade/internal/application/trading/service.go:134.27,136.3 1 1
ai-auto-trade/internal/application/trading/service.go:137.2,137.21 1 1
ai-auto-trade/internal/application/trading/service.go:137.21,139.3 1 1
ai-auto-trade/internal/application/trading/service.go:140.2,140.24 1 1
ai-auto-trade/internal/application/trading/service.go:140.24,142.3 1 1
ai-auto-trade/internal/application/trading/service.go:143.2,143.24 1 1
ai-auto-trade/internal/application/trading/service.go:143.24,145.3 1 1
ai-auto-trade/internal/application/trading/service.go:146.2,146.52 1 1
ai-auto-trade/internal/application/trading/service.go:146.52,148.3 1 0
ai-auto-trade/internal/application/trading/service.go:149.2,149.27 1 1
ai-auto-trade/internal/application/trading/service.go:149.27,151.3 1 1
ai-auto-trade/internal/application/trading/service.go:152.2,153.41 2 1
ai-auto-trade/internal/application/trading/service.go:153.41,155.3 1 0
ai-auto-trade/internal/application/trading/service.go:156.2,156.55 1 1
ai-auto-trade/internal/application/trading/service.go:156.55,158.3 1 0
ai-auto-trade/internal/application/trading/service.go:159.2,160.16 2 1
ai-auto-trade/internal/application/trading/service.go:160.16,162.3 1 0
ai-auto-trade/internal/application/trading/service.go:163.2,164.19 2 1
ai-auto-trade/internal/application/trading/service.go:168.128,170.16 2 1
ai-auto-trade/internal/application/trading/service.go:170.16,172.3 1 0
ai-auto-trade/internal/application/trading/service.go:173.2,175.28 3 1
ai-auto-trade/internal/application/trading/service.go:175.28,177.3 1 0
ai-auto-trade/internal/application/trading/service.go:178.2,178.27 1 1
ai-auto-trade/internal/application/trading/service.go:178.27,180.3 1 0
ai-auto-trade/internal/application/trading/service.go:181.2,181.21 1 1
ai-auto-trade/internal/application/trading/service.go:181.21,183.3 1 0
ai-auto-trade/internal/application/trading/service.go:184.2,184.24 1 1
ai-auto-trade/internal/application/trading/service.go:184.24,186.3 1 1
ai-auto-trade/internal/application/trading/service.go:187.2,194.43 7 1
ai-auto-trade/internal/application/trading/service.go:194.43,196.3 1 0
ai-auto-trade/internal/application/trading/service.go:197.2,197.57 1 1
ai-auto-trade/internal/application/trading/service.go:197.57,199.3 1 0
ai-auto-trade/internal/application/trading/service.go:200.2,200.60 1 1
ai-auto-trade/internal/application/trading/service.go:200.60,202.3 1 0
ai-auto-trade/internal/application/trading/service.go:203.2,203.21 1 1
ai-auto-trade/internal/application/trading/service.go:207.127,209.2 1 1
ai-auto-trade/internal/application/trading/service.go:211.109,213.2 1 0
ai-auto-trade/internal/application/trading/service.go:216.72,218.2 1 1
ai-auto-trade/internal/application/trading/service.go:221.95,223.2 1 1
ai-auto-trade/internal/application/trading/service.go:225.103,227.2 1 0
ai-auto-trade/internal/application/trading/service.go:230.112,232.2 1 0
ai-auto-trade/internal/application/trading/service.go:255.108,257.56 2 1
ai-auto-trade/internal/application/trading/service.go:257.56,259.3 1 1
ai-auto-trade/internal/application/trading/service.go:260.2,260.43 1 1
ai-auto-trade/internal/application/trading/service.go:260.43,262.3 1 0
ai-auto-trade/internal/application/trading/service.go:263.2,265.25 3 1
ai-auto-trade/internal/application/trading/service.go:265.25,267.3 1 1
ai-auto-trade/internal/application/trading/service.go:267.8,267.35 1 1
ai-auto-trade/internal/application/trading/service.go:267.35,269.17 2 1
ai-auto-trade/internal/application/trading/service.go:269.17,271.4 1 1
ai-auto-trade/internal/application/trading/service.go:272.8,274.3 1 0
ai-auto-trade/internal/application/trading/service.go:276.2,280.16 4 1
ai-auto-trade/internal/application/trading/service.go:280.16,282.3 1 0
ai-auto-trade/internal/application/trading/service.go:283.2,299.37 4 1
ai-auto-trade/internal/application/trading/service.go:299.37,301.17 2 1
ai-auto-trade/internal/application/trading/service.go:301.17,303.4 1 0
ai-auto-trade/internal/application/trading/service.go:304.3,304.14 1 1
ai-auto-trade/internal/application/trading/service.go:306.2,306.17 1 1
ai-auto-trade/internal/application/trading/service.go:310.113,312.2 1 0
ai-auto-trade/internal/application/trading/service.go:315.145,317.16 2 0
ai-auto-trade/internal/application/trading/service.go:317.16,319.3 1 0
ai-auto-trade/internal/application/trading/service.go:320.2,325.16 5 0
ai-auto-trade/internal/application/trading/service.go:325.16,327.3 1 0
ai-auto-trade/internal/application/trading/service.go:328.2,349.34 4 0
ai-auto-trade/internal/application/trading/service.go:349.34,369.3 4 0
ai-auto-trade/internal/application/trading/service.go:370.2,370.28 1 0
ai-auto-trade/internal/application/trading/service.go:370.28,372.3 1 0
ai-auto-trade/internal/application/trading/service.go:373.2,373.20 1 0
ai-auto-trade/internal/application/trading/service.go:377.129,380.16 2 1
ai-auto-trade/internal/application/trading/service.go:380.16,382.3 1 0
ai-auto-trade/internal/application/trading/service.go:385.2,385.72 1 1
ai-auto-trade/internal/application/trading/service.go:385.72,387.61 2 0
ai-auto-trade/internal/application/trading/service.go:387.61,392.4 3 0
ai-auto-trade/internal/application/trading/service.go:397.2,398.37 2 1
ai-auto-trade/internal/application/trading/service.go:398.37,400.3 1 0
ai-auto-trade/internal/application/trading/service.go:401.2,404.49 2 1
ai-auto-trade/internal/application/trading/service.go:404.49,406.3 1 0
ai-auto-trade/internal/application/trading/service.go:409.2,410.16 2 1
ai-auto-trade/internal/application/trading/service.go:410.17,412.3 0 0
ai-auto-trade/internal/application/trading/service.go:415.2,416.16 2 1
ai-auto-trade/internal/application/trading/service.go:416.16,418.3 1 0
ai-auto-trade/internal/application/trading/service.go:421.2,429.29 2 1
ai-auto-trade/internal/application/trading/service.go:429.29,432.3 1 1
ai-auto-trade/internal/application/trading/service.go:432.8,432.23 1 1
ai-auto-trade/internal/application/trading/service.go:432.23,436.3 1 0
ai-auto-trade/internal/application/trading/service.go:438.2,438.12 1 1
ai-auto-trade/internal/application/trading/service.go:441.189,444.17 2 1
ai-auto-trade/internal/application/trading/service.go:444.17,446.3 1 0
ai-auto-trade/internal/application/trading/service.go:447.2,451.35 4 1
ai-auto-trade/internal/application/trading/service.go:451.35,454.17 2 1
ai-auto-trade/internal/application/trading/service.go:454.17,456.4 1 0
ai-auto-trade/internal/application/trading/service.go:457.3,458.81 2 1
ai-auto-trade/internal/application/trading/service.go:459.8,462.17 2 0
ai-auto-trade/internal/application/trading/service.go:462.17,464.4 1 0
ai-auto-trade/internal/application/trading/service.go:467.2,499.12 7 1
ai-auto-trade/internal/application/trading/service.go:502.209,504.16 2 0
ai-auto-trade/internal/application/trading/service.go:504.16,509.36 4 0
ai-auto-trade/internal/application/trading/service.go:509.36,512.18 2 0
ai-auto-trade/internal/application/trading/service.go:512.18,514.5 1 0
ai-auto-trade/internal/application/trading/service.go:515.4,516.83 2 0
ai-auto-trade/internal/application/trading/service.go:517.9,520.18 2 0
ai-auto-trade/internal/application/trading/service.go:520.18,522.5 1 0
ai-auto-trade/internal/application/trading/service.go:525.3,548.85 6 0
ai-auto-trade/internal/application/trading/service.go:551.2,551.12 1 0
ai-auto-trade/internal/application/trading/service.go:554.89,556.2 1 0
ai-auto-trade/internal/application/trading/service.go:558.140,563.35 4 1
ai-auto-trade/internal/application/trading/service.go:563.35,565.17 2 1
ai-auto-trade/internal/application/trading/service.go:565.17,567.4 1 0
ai-auto-trade/internal/application/trading/service.go:568.3,569.70 2 1
ai-auto-trade/internal/application/trading/service.go:570.8,572.17 2 0
ai-auto-trade/internal/application/trading/service.go:572.17,574.4 1 0
ai-auto-trade/internal/application/trading/service.go:578.2,594.21 4 1
ai-auto-trade/internal/application/trading/service.go:594.21,602.3 6 0
ai-auto-trade/internal/application/trading/service.go:602.8,614.3 2 1
ai-auto-trade/internal/application/trading/service.go:616.2,619.12 2 1
ai-auto-trade/internal/application/trading/service.go:622.122,625.2 2 0
ai-auto-trade/internal/application/trading/service.go:628.87,630.16 2 1
ai-auto-trade/internal/application/trading/service.go:630.16,632.3 1 0
ai-auto-trade/internal/application/trading/service.go:633.2,633.16 1 1
ai-auto-trade/internal/application/trading/service.go:633.16,635.3 1 0
ai-auto-trade/internal/application/trading/service.go:636.2,636.26 1 1
ai-auto-trade/internal/application/trading/service.go:636.26,638.3 1 0
ai-auto-trade/internal/application/trading/service.go:640.2,641.18 2 1
ai-auto-trade/internal/application/trading/service.go:641.18,643.17 2 0
ai-auto-trade/internal/application/trading/service.go:643.17,645.4 1 0
ai-auto-trade/internal/application/trading/service.go:645.9,647.4 1 0
ai-auto-trade/internal/application/trading/service.go:650.2,653.39 3 1
ai-auto-trade/internal/application/trading/service.go:653.39,655.17 2 1
ai-auto-trade/internal/application/trading/service.go:655.17,657.4 1 0
ai-auto-trade/internal/application/trading/service.go:658.3,659.79 2 1
ai-auto-trade/internal/application/trading/service.go:660.8,662.17 2 0
ai-auto-trade/internal/application/trading/service.go:662.17,664.4 1 0
ai-auto-trade/internal/application/trading/service.go:667.2,688.16 6 1
ai-auto-trade/internal/application/trading/service.go:688.16,691.3 1 1
ai-auto-trade/internal/application/trading/service.go:692.2,692.12 1 1
ai-auto-trade/internal/application/trading/service.go:696.122,698.2 1 0
ai-auto-trade/internal/application/trading/service.go:701.88,703.2 1 0
ai-auto-trade/internal/application/trading/service.go:706.93,707.28 1 0
ai-auto-trade/internal/application/trading/service.go:707.28,709.3 1 0
ai-auto-trade/internal/application/trading/service.go:710.2,710.36 1 0
ai-auto-trade/internal/application/trading/service.go:714.103,716.2 1 0
ai-auto-trade/internal/application/trading/service.go:719.115,720.23 1 0
ai-auto-trade/internal/application/trading/service.go:720.23,722.3 1 0
ai-auto-trade/internal/application/trading/service.go:723.2,723.37 1 0
ai-auto-trade/internal/application/trading/service.go:727.157,730.16 3 1
ai-auto-trade/internal/application/trading/service.go:730.16,732.3 1 0
ai-auto-trade/internal/application/trading/service.go:733.2,733.23 1 1
ai-auto-trade/internal/application/trading/service.go:733.23,735.3 1 0
ai-auto-trade/internal/application/trading/service.go:737.2,737.77 1 1
ai-auto-trade/internal/application/trading/service.go:737.77,738.38 1 1
ai-auto-trade/internal/application/trading/service.go:738.38,740.4 1 0
ai-auto-trade/internal/application/trading/service.go:741.3,741.37 1 1
ai-auto-trade/internal/application/trading/service.go:741.37,743.4 1 1
ai-auto-trade/internal/application/trading/service.go:744.3,744.11 1 0
ai-auto-trade/internal/application/trading/service.go:747.2,748.16 2 1
ai-auto-trade/internal/application/trading/service.go:748.16,750.3 1 0
ai-auto-trade/internal/application/trading/service.go:751.2,752.27 2 1
ai-auto-trade/internal/application/trading/service.go:752.27,753.133 1 1
ai-auto-trade/internal/application/trading/service.go:753.133,755.4 1 1
ai-auto-trade/internal/application/trading/service.go:757.2,757.37 1 1
ai-auto-trade/internal/application/trading/service.go:776.60,784.29 7 1
ai-auto-trade/internal/application/trading/service.go:784.29,786.3 1 1
ai-auto-trade/internal/application/trading/service.go:788.2,791.30 3 1
ai-auto-trade/internal/application/trading/service.go:791.30,792.84 1 1
ai-auto-trade/internal/application/trading/service.go:792.84,793.12 1 0
ai-auto-trade/internal/application/trading/service.go:795.3,797.10 3 1
ai-auto-trade/internal/application/trading/service.go:797.10,798.12 1 0
ai-auto-trade/internal/application/trading/service.go:801.3,804.17 2 1
ai-auto-trade/internal/application/trading/service.go:804.17,810.76 6 1
ai-auto-trade/internal/application/trading/service.go:810.76,813.5 2 0
ai-auto-trade/internal/application/trading/service.go:814.4,814.77 1 1
ai-auto-trade/internal/application/trading/service.go:814.77,817.5 2 0
ai-auto-trade/internal/application/trading/service.go:818.4,818.141 1 1
ai-auto-trade/internal/application/trading/service.go:818.141,820.12 2 1
ai-auto-trade/internal/application/trading/service.go:820.12,822.6 1 0
ai-auto-trade/internal/application/trading/service.go:823.5,831.28 4 1
ai-auto-trade/internal/application/trading/service.go:831.28,832.27 1 1
ai-auto-trade/internal/application/trading/service.go:832.27,834.8 1 0
ai-auto-trade/internal/application/trading/service.go:835.7,835.30 1 1
ai-auto-trade/internal/application/trading/service.go:841.5,842.14 2 1
ai-auto-trade/internal/application/trading/service.go:847.3,847.17 1 1
ai-auto-trade/internal/application/trading/service.go:847.17,849.132 2 1
ai-auto-trade/internal/application/trading/service.go:849.132,851.5 1 0
ai-auto-trade/internal/application/trading/service.go:852.4,852.111 1 1
ai-auto-trade/internal/application/trading/service.go:852.111,854.12 2 1
ai-auto-trade/internal/application/trading/service.go:854.12,855.14 1 0
ai-auto-trade/internal/application/trading/service.go:857.5,858.42 2 1
ai-auto-trade/internal/application/trading/service.go:858.42,859.14 1 0
ai-auto-trade/internal/application/trading/service.go:861.5,869.6 4 1
ai-auto-trade/internal/application/trading/service.go:874.3,875.17 2 1
ai-auto-trade/internal/application/trading/service.go:875.17,877.4 1 1
ai-auto-trade/internal/application/trading/service.go:878.3,879.20 2 1
ai-auto-trade/internal/application/trading/service.go:879.20,881.4 1 1
ai-auto-trade/internal/application/trading/service.go:882.3,885.5 1 1
ai-auto-trade/internal/application/trading/service.go:888.2,893.3 2 1
ai-auto-trade/internal/application/trading/service.go:896.59,897.46 1 1
ai-auto-trade/internal/application/trading/service.go:898.40,899.56 1 1
ai-auto-trade/internal/application/trading/service.go:900.10,901.47 1 1
ai-auto-trade/internal/application/trading/service.go:905.158,906.14 1 1
ai-auto-trade/internal/application/trading/service.go:907.43,908.24 1 1
ai-auto-trade/internal/application/trading/service.go:909.35,911.48 2 1
ai-auto-trade/internal/application/trading/service.go:911.48,913.4 1 1
ai-auto-trade/internal/application/trading/service.go:914.36,916.49 2 1
ai-auto-trade/internal/application/trading/service.go:916.49,918.4 1 1
ai-auto-trade/internal/application/trading/service.go:920.2,920.24 1 1
ai-auto-trade/internal/application/trading/service.go:923.78,924.28 1 1
ai-auto-trade/internal/application/trading/service.go:924.28,926.3 1 0
ai-auto-trade/internal/application/trading/service.go:927.2,933.20 7 1
ai-auto-trade/internal/application/trading/service.go:936.138,938.21 2 1
ai-auto-trade/internal/application/trading/service.go:938.21,943.28 5 1
ai-auto-trade/internal/application/trading/service.go:943.28,944.23 1 1
ai-auto-trade/internal/application/trading/service.go:944.23,946.5 1 1
ai-auto-trade/internal/application/trading/service.go:947.4,947.16 1 1
ai-auto-trade/internal/application/trading/service.go:947.16,949.19 2 1
ai-auto-trade/internal/application/trading/service.go:949.19,951.6 1 1
ai-auto-trade/internal/application/trading/service.go:954.3,954.28 1 1
ai-auto-trade/internal/application/trading/service.go:956.2,956.22 1 1
ai-auto-trade/internal/application/trading/service.go:956.22,958.3 1 0
ai-auto-trade/internal/application/trading/service.go:959.2,965.27 7 1
ai-auto-trade/internal/application/trading/service.go:965.27,966.16 1 1
ai-auto-trade/internal/application/trading/service.go:966.16,970.4 3 1
ai-auto-trade/internal/application/trading/service.go:970.9,970.23 1 1
ai-auto-trade/internal/application/trading/service.go:970.23,973.4 2 1
ai-auto-trade/internal/application/trading/service.go:975.2,976.19 2 1
ai-auto-trade/internal/application/trading/service.go:976.19,978.3 1 1
ai-auto-trade/internal/application/trading/service.go:979.2,979.19 1 1
ai-auto-trade/internal/application/trading/service.go:979.19,981.3 1 1
ai-auto-trade/internal/application/trading/service.go:982.2,982.17 1 1
ai-auto-trade/internal/application/trading/service.go:982.17,984.3 1 1
ai-auto-trade/internal/application/trading/service.go:985.2,985.14 1 1
ai-auto-trade/internal/application/trading/service.go:989.101,1005.31 2 1
ai-auto-trade/internal/application/trading/service.go:1005.31,1007.3 1 1
ai-auto-trade/internal/application/trading/service.go:1008.2,1008.28 1 1
ai-auto-trade/internal/application/trading/service.go:1008.28,1010.3 1 1
ai-auto-trade/internal/application/trading/service.go:1011.2,1011.26 1 1
ai-auto-trade/internal/application/trading/service.go:1011.26,1013.3 1 1
ai-auto-trade/internal/application/trading/service.go:1014.2,1014.30 1 1
ai-auto-trade/internal/application/trading/service.go:1014.30,1016.3 1 1
ai-auto-trade/internal/application/trading/service.go:1017.2,1017.30 1 1
ai-auto-trade/internal/application/trading/service.go:1017.30,1019.3 1 0
ai-auto-trade/internal/application/trading/service.go:1020.2,1020.32 1 1
ai-auto-trade/internal/application/trading/service.go:1020.32,1022.3 1 0
ai-auto-trade/internal/application/trading/service.go:1023.2,1023.34 1 1
ai-auto-trade/internal/application/trading/service.go:1023.34,1025.3 1 0
ai-auto-trade/internal/application/trading/service.go:1026.2,1026.31 1 1
ai-auto-trade/internal/application/trading/service.go:1026.31,1028.3 1 1
ai-auto-trade/internal/application/trading/service.go:1029.2,1029.30 1 1
ai-auto-trade/internal/application/trading/service.go:1029.30,1031.3 1 1
ai-auto-trade/internal/application/trading/service.go:1032.2,1032.58 1 1
ai-auto-trade/internal/application/trading/service.go:1032.58,1034.3 1 1
ai-auto-trade/internal/application/trading/service.go:1035.2,1035.15 1 1
ai-auto-trade/internal/application/trading/service.go:1038.81,1039.27 1 1
ai-auto-trade/internal/application/trading/service.go:1039.27,1041.3 1 1
ai-auto-trade/internal/application/trading/service.go:1042.2,1042.27 1 1
ai-auto-trade/internal/application/trading/service.go:1042.27,1044.3 1 1
ai-auto-trade/internal/application/trading/service.go:1045.2,1045.23 1 1
ai-auto-trade/internal/application/trading/service.go:1045.23,1047.3 1 1
ai-auto-trade/internal/application/trading/service.go:1048.2,1048.20 1 1
ai-auto-trade/internal/application/trading/service.go:1048.20,1050.3 1 1
ai-auto-trade/internal/application/trading/service.go:1051.2,1051.24 1 1
ai-auto-trade/internal/application/trading/service.go:1051.24,1053.3 1 1
ai-auto-trade/internal/application/trading/service.go:1054.2,1054.25 1 1
ai-auto-trade/internal/application/trading/service.go:1054.25,1056.3 1 1
ai-auto-trade/internal/application/trading/service.go:1057.2,1057.10 1 1
ai-auto-trade/internal/application/trading/service.go:1061.35,1064.2 2 0
ai-auto-trade/internal/application/trading/service.go:1066.62,1067.32 1 1
ai-auto-trade/internal/application/trading/service.go:1067.32,1069.3 1 0
ai-auto-trade/internal/application/trading/service.go:1070.2,1070.33 1 1
ai-auto-trade/internal/application/trading/service.go:1070.33,1072.3 1 0
ai-auto-trade/internal/application/trading/service.go:1073.2,1073.52 1 1
ai-auto-trade/internal/application/trading/service.go:1073.52,1075.3 1 1
ai-auto-trade/internal/application/trading/service.go:1076.2,1076.53 1 1
ai-auto-trade/internal/application/trading/service.go:1076.53,1078.3 1 0
ai-auto-trade/internal/application/trading/service.go:1079.2,1079.32 1 1
ai-auto-trade/internal/application/trading/service.go:1079.32,1081.3 1 0
ai-auto-trade/internal/application/trading/service.go:1082.2,1082.30 1 1
ai-auto-trade/internal/application/trading/service.go:1083.70,1083.70 0 1
ai-auto-trade/internal/application/trading/service.go:1084.10,1085.60 1 0
ai-auto-trade/internal/application/trading/service.go:1087.2,1087.26 1 1
ai-auto-trade/internal/application/trading/service.go:1088.98,1088.98 0 1
ai-auto-trade/internal/application/trading/service.go:1089.10,1090.55 1 0
ai-auto-trade/internal/application/trading/service.go:1092.2,1092.12 1 1
ai-auto-trade/internal/application/trading/service.go:1095.65,1096.69 1 1
ai-auto-trade/internal/application/trading/service.go:1096.69,1098.3 1 1
ai-auto-trade/internal/application/trading/service.go:1099.2,1099.30 1 1
ai-auto-trade/internal/application/trading/service.go:1099.30,1101.3 1 0
ai-auto-trade/internal/application/trading/service.go:1102.2,1102.29 1 1
ai-auto-trade/internal/application/trading/service.go:1102.29,1104.3 1 1
ai-auto-trade/internal/application/trading/service.go:1105.2,1105.35 1 1
ai-auto-trade/internal/application/trading/service.go:1105.35,1106.17 1 1
ai-auto-trade/internal/application/trading/service.go:1107.34,1108.24 1 1
ai-auto-trade/internal/application/trading/service.go:1108.24,1110.5 1 0
ai-auto-trade/internal/application/trading/service.go:1111.4,1111.51 1 1
ai-auto-trade/internal/application/trading/service.go:1111.51,1113.5 1 0
ai-auto-trade/internal/application/trading/service.go:1114.35,1115.82 1 0
ai-auto-trade/internal/application/trading/service.go:1115.82,1117.5 1 0
ai-auto-trade/internal/application/trading/service.go:1118.31,1119.21 1 0
ai-auto-trade/internal/application/trading/service.go:1119.21,1121.5 1 0
ai-auto-trade/internal/application/trading/service.go:1122.34,1123.88 1 0
ai-auto-trade/internal/application/trading/service.go:1123.88,1125.5 1 0
ai-auto-trade/internal/application/trading/service.go:1126.11,1127.70 1 0
ai-auto-trade/internal/application/trading/service.go:1130.2,1130.12 1 1
ai-auto-trade/internal/application/trading/service.go:1134.158,1136.16 2 1
ai-auto-trade/internal/application/trading/service.go:1136.16,1138.3 1 0
ai-auto-trade/internal/application/trading/service.go:1140.2,1146.16 2 1
ai-auto-trade/internal/application/trading/service.go:1146.16,1148.3 1 0
ai-auto-trade/internal/application/trading/service.go:1150.2,1158.27 5 1
ai-auto-trade/internal/application/trading/service.go:1158.27,1159.19 1 1
ai-auto-trade/internal/application/trading/service.go:1159.19,1161.18 2 1
ai-auto-trade/internal/application/trading/service.go:1161.18,1164.5 2 1
ai-auto-trade/internal/application/trading/service.go:1164.10,1164.25 1 1
ai-auto-trade/internal/application/trading/service.go:1164.25,1167.5 2 1
ai-auto-trade/internal/application/trading/service.go:1169.3,1169.22 1 1
ai-auto-trade/internal/application/trading/service.go:1169.22,1171.4 1 1
ai-auto-trade/internal/application/trading/service.go:1172.3,1172.24 1 1
ai-auto-trade/internal/application/trading/service.go:1172.24,1175.4 2 1
ai-auto-trade/internal/application/trading/service.go:1178.2,1178.29 1 1
ai-auto-trade/internal/application/trading/service.go:1178.29,1180.3 1 1
ai-auto-trade/internal/application/trading/service.go:1181.2,1181.19 1 1
ai-auto-trade/internal/application/trading/service.go:1181.19,1183.3 1 1
ai-auto-trade/internal/application/trading/service.go:1184.2,1184.21 1 1
ai-auto-trade/internal/application/trading/service.go:1184.21,1186.3 1 1
ai-auto-trade/internal/application/trading/service.go:1188.2,1200.16 3 1
ai-auto-trade/internal/application/trading/service.go:1200.16,1202.3 1 0
ai-auto-trade/internal/application/trading/service.go:1203.2,1204.21 2 1
ai-auto-trade/internal/application/trading/weighting.go:12.87,14.32 2 1
ai-auto-trade/internal/application/trading/weighting.go:14.32,15.27 1 1
ai-auto-trade/internal/application/trading/weighting.go:15.27,16.21 1 0
ai-auto-trade/internal/application/trading/weighting.go:18.9,18.26 1 1
ai-auto-trade/internal/application/trading/weighting.go:18.26,20.10 1 1
ai-auto-trade/internal/application/trading/weighting.go:22.5,22.17 1 1
ai-auto-trade/internal/application/trading/weighting.go:26.108,29.2 2 1
ai-auto-trade/internal/application/trading/worker.go:19.82,20.19 1 1
ai-auto-trade/internal/application/trading/worker.go:20.19,22.3 1 0
ai-auto-trade/internal/application/trading/worker.go:23.2,27.3 1 1
ai-auto-trade/internal/application/trading/worker.go:31.36,34.12 3 0
ai-auto-trade/internal/application/trading/worker.go:34.12,38.7 2 0
ai-auto-trade/internal/application/trading/worker.go:38.7,39.11 1 0
ai-auto-trade/internal/application/trading/worker.go:40.20,41.16 1 0
ai-auto-trade/internal/application/trading/worker.go:42.22,44.11 2 0
ai-auto-trade/internal/application/trading/worker.go:51.35,53.2 1 0
ai-auto-trade/internal/application/trading/worker.go:55.38,60.16 4 1
ai-auto-trade/internal/application/trading/worker.go:60.16,63.3 2 0
ai-auto-trade/internal/application/trading/worker.go:65.2,65.22 1 1
ai-auto-trade/internal/application/trading/worker.go:65.22,68.3 2 0
ai-auto-trade/internal/application/trading/worker.go:70.2,70.27 1 1
ai-auto-trade/internal/application/trading/worker.go:70.27,74.16 3 1
ai-auto-trade/internal/application/trading/worker.go:75.15,76.46 1 0
ai-auto-trade/internal/application/trading/worker.go:77.15,78.46 1 0
ai-auto-trade/internal/application/trading/worker.go:79.16,80.47 1 1
ai-auto-trade/internal/application/trading/worker.go:81.15,82.46 1 0
ai-auto-trade/internal/application/trading/worker.go:83.15,84.70 1 0
ai-auto-trade/internal/application/trading/worker.go:85.11,86.46 1 0
ai-auto-trade/internal/application/trading/worker.go:90.3,91.19 2 1
ai-auto-trade/internal/application/trading/worker.go:91.19,93.4 1 1
ai-auto-trade/internal/application/trading/worker.go:95.3,95.28 1 1
ai-auto-trade/internal/application/trading/worker.go:95.28,97.18 2 1
ai-auto-trade/internal/application/trading/worker.go:97.18,99.5 1 0
ai-auto-trade/internal/application/trading/worker.go:99.10,101.5 1 1
